c:\users\maazs\desktop\parallel labs\acw\gpu_acw\gpu_acw\x64\debug\vc142.pdb
c:\users\maazs\desktop\parallel labs\acw\gpu_acw\gpu_acw\x64\debug\vc142.idb
c:\users\maazs\desktop\parallel labs\acw\gpu_acw\gpu_acw\x64\debug\raycasting.obj
x64\debug\raycasting_kernel.cu.obj
c:\users\maazs\desktop\parallel labs\acw\gpu_acw\x64\debug\gpu_acw.lib
c:\users\maazs\desktop\parallel labs\acw\gpu_acw\x64\debug\gpu_acw.exp
c:\users\maazs\desktop\parallel labs\acw\gpu_acw\x64\debug\gpu_acw.exe
c:\users\maazs\desktop\parallel labs\acw\gpu_acw\x64\debug\gpu_acw.ilk
c:\users\maazs\desktop\parallel labs\acw\gpu_acw\x64\debug\gpu_acw.pdb
c:\users\maazs\desktop\parallel labs\acw\gpu_acw\gpu_acw\x64\debug\raycasting_kernel.cu.cache
c:\users\maazs\desktop\parallel labs\acw\gpu_acw\gpu_acw\x64\debug\raycasting_kernel.cu.obj
c:\users\maazs\desktop\parallel labs\acw\gpu_acw\gpu_acw\x64\debug\gpu_acw.tlog\cl.command.1.tlog
c:\users\maazs\desktop\parallel labs\acw\gpu_acw\gpu_acw\x64\debug\gpu_acw.tlog\cl.read.1.tlog
c:\users\maazs\desktop\parallel labs\acw\gpu_acw\gpu_acw\x64\debug\gpu_acw.tlog\cl.write.1.tlog
c:\users\maazs\desktop\parallel labs\acw\gpu_acw\gpu_acw\x64\debug\gpu_acw.tlog\cudacompile.read.1u.tlog
c:\users\maazs\desktop\parallel labs\acw\gpu_acw\gpu_acw\x64\debug\gpu_acw.tlog\cudacompile.write.1u.tlog
c:\users\maazs\desktop\parallel labs\acw\gpu_acw\gpu_acw\x64\debug\gpu_acw.tlog\gpu_acw.write.1u.tlog
c:\users\maazs\desktop\parallel labs\acw\gpu_acw\gpu_acw\x64\debug\gpu_acw.tlog\link.command.1.tlog
c:\users\maazs\desktop\parallel labs\acw\gpu_acw\gpu_acw\x64\debug\gpu_acw.tlog\link.read.1.tlog
c:\users\maazs\desktop\parallel labs\acw\gpu_acw\gpu_acw\x64\debug\gpu_acw.tlog\link.write.1.tlog
